# JRE version: OpenJDK Runtime Environment (21.0.6) (build 21.0.6+-13391695-b895.109)
# Java VM: OpenJDK 64-Bit Server VM (21.0.6+-13391695-b895.109, mixed mode, tiered, compressed oops, compressed class ptrs, g1 gc, windows-amd64)
GC Precious Log:
 CardTable entry size: 512
 Card Set container configuration: InlinePtr #cards 4 size 8 Array Of Cards #cards 16 size 48 Howl #buckets 8 coarsen threshold 3686 Howl Bitmap #cards 512 size 80 coarsen threshold 460 Card regions per heap region 1 cards per card region 4096
 CPUs: 8 total, 8 available
 Memory: 16078M
 Large Page Support: Disabled
 NUMA Support: Disabled
 Compressed Oops: Enabled (Zero based)
 Heap Region Size: 2M
 Heap Min Capacity: 8M
 Heap Initial Capacity: 252M
 Heap Max Capacity: 4020M
 Pre-touch: Disabled
 Parallel Workers: 8
 Concurrent Workers: 2
 Concurrent Refinement Workers: 8
 Periodic GC: Disabled
Heap:
 garbage-first heap   total 151552K, used 87360K [0x0000000704c00000, 0x0000000800000000)
  region size 2048K, 34 young (69632K), 6 survivors (12288K)
 Metaspace       used 58772K, committed 59072K, reserved 1114112K
  class space    used 6700K, committed 6848K, reserved 1048576K
GC Heap History (16 events):
Event: 0.416 GC heap before
{Heap before GC invocations=0 (full 0):
 garbage-first heap   total 258048K, used 24576K [0x0000000704c00000, 0x0000000800000000)
  region size 2048K, 11 young (22528K), 0 survivors (0K)
 Metaspace       used 13339K, committed 13504K, reserved 1114112K
  class space    used 1217K, committed 1280K, reserved 1048576K
}
Event: 0.418 GC heap after
{Heap after GC invocations=1 (full 0):
 garbage-first heap   total 258048K, used 6954K [0x0000000704c00000, 0x0000000800000000)
  region size 2048K, 2 young (4096K), 2 survivors (4096K)
 Metaspace       used 13339K, committed 13504K, reserved 1114112K
  class space    used 1217K, committed 1280K, reserved 1048576K
}
Event: 0.783 GC heap before
{Heap before GC invocations=1 (full 0):
 garbage-first heap   total 258048K, used 35626K [0x0000000704c00000, 0x0000000800000000)
  region size 2048K, 18 young (36864K), 2 survivors (4096K)
 Metaspace       used 21364K, committed 21504K, reserved 1114112K
  class space    used 2265K, committed 2368K, reserved 1048576K
}
Event: 0.787 GC heap after
{Heap after GC invocations=2 (full 0):
 garbage-first heap   total 258048K, used 10240K [0x0000000704c00000, 0x0000000800000000)
  region size 2048K, 3 young (6144K), 3 survivors (6144K)
 Metaspace       used 21364K, committed 21504K, reserved 1114112K
  class space    used 2265K, committed 2368K, reserved 1048576K
}
Event: 1.153 GC heap before
{Heap before GC invocations=3 (full 0):
 garbage-first heap   total 34816K, used 34816K [0x0000000704c00000, 0x0000000800000000)
  region size 2048K, 15 young (30720K), 3 survivors (6144K)
 Metaspace       used 30435K, committed 30656K, reserved 1114112K
  class space    used 3810K, committed 3904K, reserved 1048576K
}
Event: 1.158 GC heap after
{Heap after GC invocations=4 (full 0):
 garbage-first heap   total 43008K, used 11641K [0x0000000704c00000, 0x0000000800000000)
  region size 2048K, 4 young (8192K), 4 survivors (8192K)
 Metaspace       used 30435K, committed 30656K, reserved 1114112K
  class space    used 3810K, committed 3904K, reserved 1048576K
}
Event: 1.299 GC heap before
{Heap before GC invocations=4 (full 0):
 garbage-first heap   total 43008K, used 28025K [0x0000000704c00000, 0x0000000800000000)
  region size 2048K, 12 young (24576K), 4 survivors (8192K)
 Metaspace       used 32316K, committed 32640K, reserved 1114112K
  class space    used 4055K, committed 4224K, reserved 1048576K
}
Event: 1.305 GC heap after
{Heap after GC invocations=5 (full 0):
 garbage-first heap   total 43008K, used 15110K [0x0000000704c00000, 0x0000000800000000)
  region size 2048K, 2 young (4096K), 2 survivors (4096K)
 Metaspace       used 32316K, committed 32640K, reserved 1114112K
  class space    used 4055K, committed 4224K, reserved 1048576K
}
Event: 1.505 GC heap before
{Heap before GC invocations=5 (full 0):
 garbage-first heap   total 43008K, used 31494K [0x0000000704c00000, 0x0000000800000000)
  region size 2048K, 11 young (22528K), 2 survivors (4096K)
 Metaspace       used 35332K, committed 35584K, reserved 1114112K
  class space    used 4378K, committed 4480K, reserved 1048576K
}
Event: 1.512 GC heap after
{Heap after GC invocations=6 (full 0):
 garbage-first heap   total 43008K, used 20098K [0x0000000704c00000, 0x0000000800000000)
  region size 2048K, 2 young (4096K), 2 survivors (4096K)
 Metaspace       used 35332K, committed 35584K, reserved 1114112K
  class space    used 4378K, committed 4480K, reserved 1048576K
}
Event: 1.529 GC heap before
{Heap before GC invocations=6 (full 0):
 garbage-first heap   total 43008K, used 20098K [0x0000000704c00000, 0x0000000800000000)
  region size 2048K, 3 young (6144K), 2 survivors (4096K)
 Metaspace       used 35855K, committed 36096K, reserved 1114112K
  class space    used 4419K, committed 4544K, reserved 1048576K
}
Event: 1.532 GC heap after
{Heap after GC invocations=7 (full 0):
 garbage-first heap   total 43008K, used 21315K [0x0000000704c00000, 0x0000000800000000)
  region size 2048K, 1 young (2048K), 1 survivors (2048K)
 Metaspace       used 35855K, committed 36096K, reserved 1114112K
  class space    used 4419K, committed 4544K, reserved 1048576K
}
Event: 1.682 GC heap before
{Heap before GC invocations=8 (full 0):
 garbage-first heap   total 43008K, used 33603K [0x0000000704c00000, 0x0000000800000000)
  region size 2048K, 7 young (14336K), 1 survivors (2048K)
 Metaspace       used 38639K, committed 38848K, reserved 1114112K
  class space    used 4764K, committed 4864K, reserved 1048576K
}
Event: 1.685 GC heap after
{Heap after GC invocations=9 (full 0):
 garbage-first heap   total 151552K, used 21470K [0x0000000704c00000, 0x0000000800000000)
  region size 2048K, 1 young (2048K), 1 survivors (2048K)
 Metaspace       used 38639K, committed 38848K, reserved 1114112K
  class space    used 4764K, committed 4864K, reserved 1048576K
}
Event: 2.671 GC heap before
{Heap before GC invocations=9 (full 0):
 garbage-first heap   total 151552K, used 107486K [0x0000000704c00000, 0x0000000800000000)
  region size 2048K, 44 young (90112K), 1 survivors (2048K)
 Metaspace       used 55205K, committed 55488K, reserved 1114112K
  class space    used 6342K, committed 6464K, reserved 1048576K
}
Event: 2.682 GC heap after
{Heap after GC invocations=10 (full 0):
 garbage-first heap   total 151552K, used 32064K [0x0000000704c00000, 0x0000000800000000)
  region size 2048K, 6 young (12288K), 6 survivors (12288K)
 Metaspace       used 55205K, committed 55488K, reserved 1114112K
  class space    used 6342K, committed 6464K, reserved 1048576K
}

